This file contains any messages produced by compilers while
running configure, to aid debugging if configure makes a mistake.

It was created by Google C++ Testing Framework configure 1.4.0, which was
generated by GNU Autoconf 2.68.  Invocation command line was

  $ ./configure --disable-option-checking --prefix=/usr/local CFLAGS=-m32 CPPFLAGS= CXXFLAGS=-m32 --cache-file=/dev/null --srcdir=.

## --------- ##
## Platform. ##
## --------- ##

hostname = ubuntu
uname -m = i686
uname -r = 3.11.0-15-generic
uname -s = Linux
uname -v = #25~precise1-Ubuntu SMP Thu Jan 30 17:42:40 UTC 2014

/usr/bin/uname -p = unknown
/bin/uname -X     = unknown

/bin/arch              = unknown
/usr/bin/arch -k       = unknown
/usr/convex/getsysinfo = unknown
/usr/bin/hostinfo      = unknown
/bin/machine           = unknown
/usr/bin/oslevel       = unknown
/bin/universe          = unknown

PATH: /usr/local/sbin
PATH: /usr/local/bin
PATH: /usr/sbin
PATH: /usr/bin
PATH: /sbin
PATH: /bin
PATH: /usr/games
PATH: /home/bap/workspace/bap-0.8/utils


## ----------- ##
## Core tests. ##
## ----------- ##

configure:2288: checking for a BSD-compatible install
configure:2356: result: /usr/bin/install -c
configure:2367: checking whether build environment is sane
configure:2417: result: yes
configure:2558: checking for a thread-safe mkdir -p
configure:2597: result: /bin/mkdir -p
configure:2610: checking for gawk
configure:2640: result: no
configure:2610: checking for mawk
configure:2626: found /usr/bin/mawk
configure:2637: result: mawk
configure:2648: checking whether make sets $(MAKE)
configure:2670: result: yes
configure:2800: checking for gcc
configure:2816: found /usr/bin/gcc
configure:2827: result: gcc
configure:3056: checking for C compiler version
configure:3065: gcc --version >&5
gcc (Ubuntu/Linaro 4.6.3-1ubuntu5) 4.6.3
Copyright (C) 2011 Free Software Foundation, Inc.
This is free software; see the source for copying conditions.  There is NO
warranty; not even for MERCHANTABILITY or FITNESS FOR A PARTICULAR PURPOSE.

configure:3076: $? = 0
configure:3065: gcc -v >&5
Using built-in specs.
COLLECT_GCC=gcc
COLLECT_LTO_WRAPPER=/usr/lib/gcc/i686-linux-gnu/4.6/lto-wrapper
Target: i686-linux-gnu
Configured with: ../src/configure -v --with-pkgversion='Ubuntu/Linaro 4.6.3-1ubuntu5' --with-bugurl=file:///usr/share/doc/gcc-4.6/README.Bugs --enable-languages=c,c++,fortran,objc,obj-c++ --prefix=/usr --program-suffix=-4.6 --enable-shared --enable-linker-build-id --with-system-zlib --libexecdir=/usr/lib --without-included-gettext --enable-threads=posix --with-gxx-include-dir=/usr/include/c++/4.6 --libdir=/usr/lib --enable-nls --with-sysroot=/ --enable-clocale=gnu --enable-libstdcxx-debug --enable-libstdcxx-time=yes --enable-gnu-unique-object --enable-plugin --enable-objc-gc --enable-targets=all --disable-werror --with-arch-32=i686 --with-tune=generic --enable-checking=release --build=i686-linux-gnu --host=i686-linux-gnu --target=i686-linux-gnu
Thread model: posix
gcc version 4.6.3 (Ubuntu/Linaro 4.6.3-1ubuntu5) 
configure:3076: $? = 0
configure:3065: gcc -V >&5
gcc: error: unrecognized option '-V'
gcc: fatal error: no input files
compilation terminated.
configure:3076: $? = 4
configure:3065: gcc -qversion >&5
gcc: error: unrecognized option '-qversion'
gcc: fatal error: no input files
compilation terminated.
configure:3076: $? = 4
configure:3096: checking whether the C compiler works
configure:3118: gcc -m32   conftest.c  >&5
configure:3122: $? = 0
configure:3170: result: yes
configure:3173: checking for C compiler default output file name
configure:3175: result: a.out
configure:3181: checking for suffix of executables
configure:3188: gcc -o conftest -m32   conftest.c  >&5
configure:3192: $? = 0
configure:3214: result: 
configure:3236: checking whether we are cross compiling
configure:3244: gcc -o conftest -m32   conftest.c  >&5
configure:3248: $? = 0
configure:3255: ./conftest
configure:3259: $? = 0
configure:3274: result: no
configure:3279: checking for suffix of object files
configure:3301: gcc -c -m32  conftest.c >&5
configure:3305: $? = 0
configure:3326: result: o
configure:3330: checking whether we are using the GNU C compiler
configure:3349: gcc -c -m32  conftest.c >&5
configure:3349: $? = 0
configure:3358: result: yes
configure:3367: checking whether gcc accepts -g
configure:3387: gcc -c -g  conftest.c >&5
configure:3387: $? = 0
configure:3428: result: yes
configure:3445: checking for gcc option to accept ISO C89
configure:3509: gcc  -c -m32  conftest.c >&5
configure:3509: $? = 0
configure:3522: result: none needed
configure:3553: checking for style of include used by make
configure:3581: result: GNU
configure:3607: checking dependency style of gcc
configure:3718: result: gcc3
configure:3791: checking for g++
configure:3807: found /usr/bin/g++
configure:3818: result: g++
configure:3845: checking for C++ compiler version
configure:3854: g++ --version >&5
g++ (Ubuntu/Linaro 4.6.3-1ubuntu5) 4.6.3
Copyright (C) 2011 Free Software Foundation, Inc.
This is free software; see the source for copying conditions.  There is NO
warranty; not even for MERCHANTABILITY or FITNESS FOR A PARTICULAR PURPOSE.

configure:3865: $? = 0
configure:3854: g++ -v >&5
Using built-in specs.
COLLECT_GCC=g++
COLLECT_LTO_WRAPPER=/usr/lib/gcc/i686-linux-gnu/4.6/lto-wrapper
Target: i686-linux-gnu
Configured with: ../src/configure -v --with-pkgversion='Ubuntu/Linaro 4.6.3-1ubuntu5' --with-bugurl=file:///usr/share/doc/gcc-4.6/README.Bugs --enable-languages=c,c++,fortran,objc,obj-c++ --prefix=/usr --program-suffix=-4.6 --enable-shared --enable-linker-build-id --with-system-zlib --libexecdir=/usr/lib --without-included-gettext --enable-threads=posix --with-gxx-include-dir=/usr/include/c++/4.6 --libdir=/usr/lib --enable-nls --with-sysroot=/ --enable-clocale=gnu --enable-libstdcxx-debug --enable-libstdcxx-time=yes --enable-gnu-unique-object --enable-plugin --enable-objc-gc --enable-targets=all --disable-werror --with-arch-32=i686 --with-tune=generic --enable-checking=release --build=i686-linux-gnu --host=i686-linux-gnu --target=i686-linux-gnu
Thread model: posix
gcc version 4.6.3 (Ubuntu/Linaro 4.6.3-1ubuntu5) 
configure:3865: $? = 0
configure:3854: g++ -V >&5
g++: error: unrecognized option '-V'
g++: fatal error: no input files
compilation terminated.
configure:3865: $? = 4
configure:3854: g++ -qversion >&5
g++: error: unrecognized option '-qversion'
g++: fatal error: no input files
compilation terminated.
configure:3865: $? = 4
configure:3869: checking whether we are using the GNU C++ compiler
configure:3888: g++ -c -m32  conftest.cpp >&5
configure:3888: $? = 0
configure:3897: result: yes
configure:3906: checking whether g++ accepts -g
configure:3926: g++ -c -g  conftest.cpp >&5
configure:3926: $? = 0
configure:3967: result: yes
configure:3992: checking dependency style of g++
configure:4103: result: gcc3
configure:4153: checking build system type
configure:4167: result: i686-pc-linux-gnu
configure:4187: checking host system type
configure:4200: result: i686-pc-linux-gnu
configure:4241: checking how to print strings
configure:4268: result: printf
configure:4289: checking for a sed that does not truncate output
configure:4353: result: /bin/sed
configure:4371: checking for grep that handles long lines and -e
configure:4429: result: /bin/grep
configure:4434: checking for egrep
configure:4496: result: /bin/grep -E
configure:4501: checking for fgrep
configure:4563: result: /bin/grep -F
configure:4598: checking for ld used by gcc
configure:4665: result: /usr/bin/ld
configure:4672: checking if the linker (/usr/bin/ld) is GNU ld
configure:4687: result: yes
configure:4699: checking for BSD- or MS-compatible name lister (nm)
configure:4748: result: /usr/bin/nm -B
configure:4878: checking the name lister (/usr/bin/nm -B) interface
configure:4885: g++ -c -m32  conftest.cpp >&5
configure:4888: /usr/bin/nm -B "conftest.o"
configure:4891: output
00000000 B some_variable
configure:4898: result: BSD nm
configure:4901: checking whether ln -s works
configure:4905: result: yes
configure:4913: checking the maximum length of command line arguments
configure:5043: result: 805306365
configure:5060: checking whether the shell understands some XSI constructs
configure:5070: result: yes
configure:5074: checking whether the shell understands "+="
configure:5080: result: yes
configure:5115: checking how to convert i686-pc-linux-gnu file names to i686-pc-linux-gnu format
configure:5155: result: func_convert_file_noop
configure:5162: checking how to convert i686-pc-linux-gnu file names to toolchain format
configure:5182: result: func_convert_file_noop
configure:5189: checking for /usr/bin/ld option to reload object files
configure:5196: result: -r
configure:5270: checking for objdump
configure:5286: found /usr/bin/objdump
configure:5297: result: objdump
configure:5329: checking how to recognize dependent libraries
configure:5531: result: pass_all
configure:5616: checking for dlltool
configure:5646: result: no
configure:5676: checking how to associate runtime and link libraries
configure:5703: result: printf %s\n
configure:5764: checking for ar
configure:5780: found /usr/bin/ar
configure:5791: result: ar
configure:5828: checking for archiver @FILE support
configure:5845: g++ -c -m32  conftest.cpp >&5
configure:5845: $? = 0
configure:5848: ar cru libconftest.a @conftest.lst >&5
configure:5851: $? = 0
configure:5856: ar cru libconftest.a @conftest.lst >&5
ar: conftest.o: No such file or directory
configure:5859: $? = 1
configure:5871: result: @
configure:5929: checking for strip
configure:5945: found /usr/bin/strip
configure:5956: result: strip
configure:6028: checking for ranlib
configure:6044: found /usr/bin/ranlib
configure:6055: result: ranlib
configure:6157: checking command to parse /usr/bin/nm -B output from gcc object
configure:6277: g++ -c -m32  conftest.cpp >&5
configure:6280: $? = 0
configure:6284: /usr/bin/nm -B conftest.o \| sed -n -e 's/^.*[ ]\([ABCDGIRSTW][ABCDGIRSTW]*\)[ ][ ]*\([_A-Za-z][_A-Za-z0-9]*\)$/\1 \2 \2/p' | sed '/ __gnu_lto/d' \> conftest.nm
configure:6287: $? = 0
configure:6353: g++ -o conftest -m32   conftest.cpp conftstm.o >&5
configure:6356: $? = 0
configure:6394: result: ok
configure:6431: checking for sysroot
configure:6461: result: no
configure:6718: checking for mt
configure:6734: found /bin/mt
configure:6745: result: mt
configure:6768: checking if mt is a manifest tool
configure:6774: mt '-?'
configure:6782: result: no
configure:7424: checking how to run the C preprocessor
configure:7455: gcc -E  conftest.c
configure:7455: $? = 0
configure:7469: gcc -E  conftest.c
conftest.c:11:28: fatal error: ac_nonexistent.h: No such file or directory
compilation terminated.
configure:7469: $? = 1
configure: failed program was:
| /* confdefs.h */
| #define PACKAGE_NAME "Google C++ Testing Framework"
| #define PACKAGE_TARNAME "gtest"
| #define PACKAGE_VERSION "1.4.0"
| #define PACKAGE_STRING "Google C++ Testing Framework 1.4.0"
| #define PACKAGE_BUGREPORT "googletestframework@googlegroups.com"
| #define PACKAGE_URL ""
| #define PACKAGE "gtest"
| #define VERSION "1.4.0"
| /* end confdefs.h.  */
| #include <ac_nonexistent.h>
configure:7494: result: gcc -E
configure:7514: gcc -E  conftest.c
configure:7514: $? = 0
configure:7528: gcc -E  conftest.c
conftest.c:11:28: fatal error: ac_nonexistent.h: No such file or directory
compilation terminated.
configure:7528: $? = 1
configure: failed program was:
| /* confdefs.h */
| #define PACKAGE_NAME "Google C++ Testing Framework"
| #define PACKAGE_TARNAME "gtest"
| #define PACKAGE_VERSION "1.4.0"
| #define PACKAGE_STRING "Google C++ Testing Framework 1.4.0"
| #define PACKAGE_BUGREPORT "googletestframework@googlegroups.com"
| #define PACKAGE_URL ""
| #define PACKAGE "gtest"
| #define VERSION "1.4.0"
| /* end confdefs.h.  */
| #include <ac_nonexistent.h>
configure:7557: checking for ANSI C header files
configure:7577: gcc -c -m32  conftest.c >&5
configure:7577: $? = 0
configure:7650: gcc -o conftest -m32   conftest.c  >&5
configure:7650: $? = 0
configure:7650: ./conftest
configure:7650: $? = 0
configure:7661: result: yes
configure:7674: checking for sys/types.h
configure:7674: gcc -c -m32  conftest.c >&5
configure:7674: $? = 0
configure:7674: result: yes
configure:7674: checking for sys/stat.h
configure:7674: gcc -c -m32  conftest.c >&5
configure:7674: $? = 0
configure:7674: result: yes
configure:7674: checking for stdlib.h
configure:7674: gcc -c -m32  conftest.c >&5
configure:7674: $? = 0
configure:7674: result: yes
configure:7674: checking for string.h
configure:7674: gcc -c -m32  conftest.c >&5
configure:7674: $? = 0
configure:7674: result: yes
configure:7674: checking for memory.h
configure:7674: gcc -c -m32  conftest.c >&5
configure:7674: $? = 0
configure:7674: result: yes
configure:7674: checking for strings.h
configure:7674: gcc -c -m32  conftest.c >&5
configure:7674: $? = 0
configure:7674: result: yes
configure:7674: checking for inttypes.h
configure:7674: gcc -c -m32  conftest.c >&5
configure:7674: $? = 0
configure:7674: result: yes
configure:7674: checking for stdint.h
configure:7674: gcc -c -m32  conftest.c >&5
configure:7674: $? = 0
configure:7674: result: yes
configure:7674: checking for unistd.h
configure:7674: gcc -c -m32  conftest.c >&5
configure:7674: $? = 0
configure:7674: result: yes
configure:7688: checking for dlfcn.h
configure:7688: gcc -c -m32  conftest.c >&5
configure:7688: $? = 0
configure:7688: result: yes
configure:7904: checking for objdir
configure:7919: result: .libs
configure:8186: checking if gcc supports -fno-rtti -fno-exceptions
configure:8204: gcc -c -m32  -fno-rtti -fno-exceptions conftest.c >&5
cc1: warning: command line option '-fno-rtti' is valid for C++/ObjC++ but not for C [enabled by default]
configure:8208: $? = 0
configure:8221: result: no
configure:8548: checking for gcc option to produce PIC
configure:8555: result: -fPIC -DPIC
configure:8563: checking if gcc PIC flag -fPIC -DPIC works
configure:8581: gcc -c -m32  -fPIC -DPIC -DPIC conftest.c >&5
configure:8585: $? = 0
configure:8598: result: yes
configure:8627: checking if gcc static flag -static works
configure:8655: result: yes
configure:8670: checking if gcc supports -c -o file.o
configure:8691: gcc -c -m32  -o out/conftest2.o conftest.c >&5
configure:8695: $? = 0
configure:8717: result: yes
configure:8725: checking if gcc supports -c -o file.o
configure:8772: result: yes
configure:8805: checking whether the gcc linker (/usr/bin/ld) supports shared libraries
configure:9962: result: yes
configure:9999: checking whether -lc should be explicitly linked in
configure:10007: gcc -c -m32  conftest.c >&5
configure:10010: $? = 0
configure:10025: gcc -shared  -fPIC -DPIC conftest.o  -v -Wl,-soname -Wl,conftest -o conftest 2\>\&1 \| /bin/grep  -lc  \>/dev/null 2\>\&1
configure:10028: $? = 0
configure:10042: result: no
configure:10202: checking dynamic linker characteristics
configure:10713: gcc -o conftest -m32   -Wl,-rpath -Wl,/foo conftest.c  >&5
configure:10713: $? = 0
configure:10947: result: GNU/Linux ld.so
configure:11054: checking how to hardcode library paths into programs
configure:11079: result: immediate
configure:11619: checking whether stripping libraries is possible
configure:11624: result: yes
configure:11659: checking if libtool supports shared libraries
configure:11661: result: yes
configure:11664: checking whether to build shared libraries
configure:11685: result: yes
configure:11688: checking whether to build static libraries
configure:11692: result: yes
configure:11715: checking how to run the C++ preprocessor
configure:11742: g++ -E  conftest.cpp
configure:11742: $? = 0
configure:11756: g++ -E  conftest.cpp
conftest.cpp:23:28: fatal error: ac_nonexistent.h: No such file or directory
compilation terminated.
configure:11756: $? = 1
configure: failed program was:
| /* confdefs.h */
| #define PACKAGE_NAME "Google C++ Testing Framework"
| #define PACKAGE_TARNAME "gtest"
| #define PACKAGE_VERSION "1.4.0"
| #define PACKAGE_STRING "Google C++ Testing Framework 1.4.0"
| #define PACKAGE_BUGREPORT "googletestframework@googlegroups.com"
| #define PACKAGE_URL ""
| #define PACKAGE "gtest"
| #define VERSION "1.4.0"
| #define STDC_HEADERS 1
| #define HAVE_SYS_TYPES_H 1
| #define HAVE_SYS_STAT_H 1
| #define HAVE_STDLIB_H 1
| #define HAVE_STRING_H 1
| #define HAVE_MEMORY_H 1
| #define HAVE_STRINGS_H 1
| #define HAVE_INTTYPES_H 1
| #define HAVE_STDINT_H 1
| #define HAVE_UNISTD_H 1
| #define HAVE_DLFCN_H 1
| #define LT_OBJDIR ".libs/"
| /* end confdefs.h.  */
| #include <ac_nonexistent.h>
configure:11781: result: g++ -E
configure:11801: g++ -E  conftest.cpp
configure:11801: $? = 0
configure:11815: g++ -E  conftest.cpp
conftest.cpp:23:28: fatal error: ac_nonexistent.h: No such file or directory
compilation terminated.
configure:11815: $? = 1
configure: failed program was:
| /* confdefs.h */
| #define PACKAGE_NAME "Google C++ Testing Framework"
| #define PACKAGE_TARNAME "gtest"
| #define PACKAGE_VERSION "1.4.0"
| #define PACKAGE_STRING "Google C++ Testing Framework 1.4.0"
| #define PACKAGE_BUGREPORT "googletestframework@googlegroups.com"
| #define PACKAGE_URL ""
| #define PACKAGE "gtest"
| #define VERSION "1.4.0"
| #define STDC_HEADERS 1
| #define HAVE_SYS_TYPES_H 1
| #define HAVE_SYS_STAT_H 1
| #define HAVE_STDLIB_H 1
| #define HAVE_STRING_H 1
| #define HAVE_MEMORY_H 1
| #define HAVE_STRINGS_H 1
| #define HAVE_INTTYPES_H 1
| #define HAVE_STDINT_H 1
| #define HAVE_UNISTD_H 1
| #define HAVE_DLFCN_H 1
| #define LT_OBJDIR ".libs/"
| /* end confdefs.h.  */
| #include <ac_nonexistent.h>
configure:11984: checking for ld used by g++
configure:12051: result: /usr/bin/ld
configure:12058: checking if the linker (/usr/bin/ld) is GNU ld
configure:12073: result: yes
configure:12128: checking whether the g++ linker (/usr/bin/ld) supports shared libraries
configure:13133: result: yes
configure:13169: g++ -c -m32  conftest.cpp >&5
configure:13172: $? = 0
configure:13692: checking for g++ option to produce PIC
configure:13699: result: -fPIC -DPIC
configure:13707: checking if g++ PIC flag -fPIC -DPIC works
configure:13725: g++ -c -m32  -fPIC -DPIC -DPIC conftest.cpp >&5
configure:13729: $? = 0
configure:13742: result: yes
configure:13765: checking if g++ static flag -static works
configure:13793: result: yes
configure:13805: checking if g++ supports -c -o file.o
configure:13826: g++ -c -m32  -o out/conftest2.o conftest.cpp >&5
configure:13830: $? = 0
configure:13852: result: yes
configure:13857: checking if g++ supports -c -o file.o
configure:13904: result: yes
configure:13934: checking whether the g++ linker (/usr/bin/ld) supports shared libraries
configure:13973: result: yes
configure:14114: checking dynamic linker characteristics
configure:14793: result: GNU/Linux ld.so
configure:14846: checking how to hardcode library paths into programs
configure:14871: result: immediate
configure:14941: checking for python
configure:14959: found /usr/bin/python
configure:14972: result: /usr/bin/python
configure:14990: /usr/bin/python -c import sys # split strings by '.' and convert to numeric. Append some zeros # because we need at least 4 digits for the hex conversion. # map returns an iterator in Python 3.0 and a list in 2.x minver = list(map(int, '2.3'.split('.'))) + [0, 0, 0] minverhex = 0 # xrange is not present in Python 3.0 and range returns an iterator for i in list(range(0, 4)): minverhex = (minverhex << 8) + minver[i] sys.exit(sys.hexversion < minverhex)
configure:14993: $? = 0
configure:15175: checking for the pthreads library -lpthreads
configure:15208: gcc -o conftest -m32    conftest.c -lpthreads  >&5
/usr/bin/ld: cannot find -lpthreads
collect2: ld returned 1 exit status
configure:15208: $? = 1
configure: failed program was:
| /* confdefs.h */
| #define PACKAGE_NAME "Google C++ Testing Framework"
| #define PACKAGE_TARNAME "gtest"
| #define PACKAGE_VERSION "1.4.0"
| #define PACKAGE_STRING "Google C++ Testing Framework 1.4.0"
| #define PACKAGE_BUGREPORT "googletestframework@googlegroups.com"
| #define PACKAGE_URL ""
| #define PACKAGE "gtest"
| #define VERSION "1.4.0"
| #define STDC_HEADERS 1
| #define HAVE_SYS_TYPES_H 1
| #define HAVE_SYS_STAT_H 1
| #define HAVE_STDLIB_H 1
| #define HAVE_STRING_H 1
| #define HAVE_MEMORY_H 1
| #define HAVE_STRINGS_H 1
| #define HAVE_INTTYPES_H 1
| #define HAVE_STDINT_H 1
| #define HAVE_UNISTD_H 1
| #define HAVE_DLFCN_H 1
| #define LT_OBJDIR ".libs/"
| /* end confdefs.h.  */
| #include <pthread.h>
| int
| main ()
| {
| pthread_t th; pthread_join(th, 0);
|                      pthread_attr_init(0); pthread_cleanup_push(0, 0);
|                      pthread_create(0,0,0,0); pthread_cleanup_pop(0);
|   ;
|   return 0;
| }
configure:15217: result: no
configure:15120: checking whether pthreads work without any flags
configure:15208: gcc -o conftest -m32    conftest.c   >&5
/tmp/cc79D0iZ.o: In function `main':
conftest.c:(.text+0x19): undefined reference to `pthread_join'
conftest.c:(.text+0x74): undefined reference to `__pthread_register_cancel'
conftest.c:(.text+0x98): undefined reference to `pthread_create'
conftest.c:(.text+0xa1): undefined reference to `__pthread_unregister_cancel'
collect2: ld returned 1 exit status
configure:15208: $? = 1
configure: failed program was:
| /* confdefs.h */
| #define PACKAGE_NAME "Google C++ Testing Framework"
| #define PACKAGE_TARNAME "gtest"
| #define PACKAGE_VERSION "1.4.0"
| #define PACKAGE_STRING "Google C++ Testing Framework 1.4.0"
| #define PACKAGE_BUGREPORT "googletestframework@googlegroups.com"
| #define PACKAGE_URL ""
| #define PACKAGE "gtest"
| #define VERSION "1.4.0"
| #define STDC_HEADERS 1
| #define HAVE_SYS_TYPES_H 1
| #define HAVE_SYS_STAT_H 1
| #define HAVE_STDLIB_H 1
| #define HAVE_STRING_H 1
| #define HAVE_MEMORY_H 1
| #define HAVE_STRINGS_H 1
| #define HAVE_INTTYPES_H 1
| #define HAVE_STDINT_H 1
| #define HAVE_UNISTD_H 1
| #define HAVE_DLFCN_H 1
| #define LT_OBJDIR ".libs/"
| /* end confdefs.h.  */
| #include <pthread.h>
| int
| main ()
| {
| pthread_t th; pthread_join(th, 0);
|                      pthread_attr_init(0); pthread_cleanup_push(0, 0);
|                      pthread_create(0,0,0,0); pthread_cleanup_pop(0);
|   ;
|   return 0;
| }
configure:15217: result: no
configure:15125: checking whether pthreads work with -Kthread
configure:15208: gcc -o conftest -m32 -Kthread   conftest.c   >&5
gcc: error: unrecognized option '-Kthread'
configure:15208: $? = 1
configure: failed program was:
| /* confdefs.h */
| #define PACKAGE_NAME "Google C++ Testing Framework"
| #define PACKAGE_TARNAME "gtest"
| #define PACKAGE_VERSION "1.4.0"
| #define PACKAGE_STRING "Google C++ Testing Framework 1.4.0"
| #define PACKAGE_BUGREPORT "googletestframework@googlegroups.com"
| #define PACKAGE_URL ""
| #define PACKAGE "gtest"
| #define VERSION "1.4.0"
| #define STDC_HEADERS 1
| #define HAVE_SYS_TYPES_H 1
| #define HAVE_SYS_STAT_H 1
| #define HAVE_STDLIB_H 1
| #define HAVE_STRING_H 1
| #define HAVE_MEMORY_H 1
| #define HAVE_STRINGS_H 1
| #define HAVE_INTTYPES_H 1
| #define HAVE_STDINT_H 1
| #define HAVE_UNISTD_H 1
| #define HAVE_DLFCN_H 1
| #define LT_OBJDIR ".libs/"
| /* end confdefs.h.  */
| #include <pthread.h>
| int
| main ()
| {
| pthread_t th; pthread_join(th, 0);
|                      pthread_attr_init(0); pthread_cleanup_push(0, 0);
|                      pthread_create(0,0,0,0); pthread_cleanup_pop(0);
|   ;
|   return 0;
| }
configure:15217: result: no
configure:15125: checking whether pthreads work with -kthread
configure:15208: gcc -o conftest -m32 -kthread   conftest.c   >&5
gcc: error: unrecognized option '-kthread'
configure:15208: $? = 1
configure: failed program was:
| /* confdefs.h */
| #define PACKAGE_NAME "Google C++ Testing Framework"
| #define PACKAGE_TARNAME "gtest"
| #define PACKAGE_VERSION "1.4.0"
| #define PACKAGE_STRING "Google C++ Testing Framework 1.4.0"
| #define PACKAGE_BUGREPORT "googletestframework@googlegroups.com"
| #define PACKAGE_URL ""
| #define PACKAGE "gtest"
| #define VERSION "1.4.0"
| #define STDC_HEADERS 1
| #define HAVE_SYS_TYPES_H 1
| #define HAVE_SYS_STAT_H 1
| #define HAVE_STDLIB_H 1
| #define HAVE_STRING_H 1
| #define HAVE_MEMORY_H 1
| #define HAVE_STRINGS_H 1
| #define HAVE_INTTYPES_H 1
| #define HAVE_STDINT_H 1
| #define HAVE_UNISTD_H 1
| #define HAVE_DLFCN_H 1
| #define LT_OBJDIR ".libs/"
| /* end confdefs.h.  */
| #include <pthread.h>
| int
| main ()
| {
| pthread_t th; pthread_join(th, 0);
|                      pthread_attr_init(0); pthread_cleanup_push(0, 0);
|                      pthread_create(0,0,0,0); pthread_cleanup_pop(0);
|   ;
|   return 0;
| }
configure:15217: result: no
configure:15175: checking for the pthreads library -llthread
configure:15208: gcc -o conftest -m32    conftest.c -llthread  >&5
/usr/bin/ld: cannot find -llthread
collect2: ld returned 1 exit status
configure:15208: $? = 1
configure: failed program was:
| /* confdefs.h */
| #define PACKAGE_NAME "Google C++ Testing Framework"
| #define PACKAGE_TARNAME "gtest"
| #define PACKAGE_VERSION "1.4.0"
| #define PACKAGE_STRING "Google C++ Testing Framework 1.4.0"
| #define PACKAGE_BUGREPORT "googletestframework@googlegroups.com"
| #define PACKAGE_URL ""
| #define PACKAGE "gtest"
| #define VERSION "1.4.0"
| #define STDC_HEADERS 1
| #define HAVE_SYS_TYPES_H 1
| #define HAVE_SYS_STAT_H 1
| #define HAVE_STDLIB_H 1
| #define HAVE_STRING_H 1
| #define HAVE_MEMORY_H 1
| #define HAVE_STRINGS_H 1
| #define HAVE_INTTYPES_H 1
| #define HAVE_STDINT_H 1
| #define HAVE_UNISTD_H 1
| #define HAVE_DLFCN_H 1
| #define LT_OBJDIR ".libs/"
| /* end confdefs.h.  */
| #include <pthread.h>
| int
| main ()
| {
| pthread_t th; pthread_join(th, 0);
|                      pthread_attr_init(0); pthread_cleanup_push(0, 0);
|                      pthread_create(0,0,0,0); pthread_cleanup_pop(0);
|   ;
|   return 0;
| }
configure:15217: result: no
configure:15125: checking whether pthreads work with -pthread
configure:15208: gcc -o conftest -m32 -pthread   conftest.c   >&5
configure:15208: $? = 0
configure:15217: result: yes
configure:15236: checking for joinable pthread attribute
configure:15251: gcc -o conftest -m32 -pthread   conftest.c   >&5
configure:15251: $? = 0
configure:15257: result: PTHREAD_CREATE_JOINABLE
configure:15267: checking if more special flags are required for pthreads
configure:15274: result: no
configure:15363: checking whether to check for GCC pthread/shared inconsistencies
configure:15376: gcc -o conftest -shared -fPIC -Wl,-z,defs -m32 -pthread   conftest.c   >&5
configure:15376: $? = 0
configure:15388: result: yes
configure:15394: checking whether -pthread is sufficient with -shared
configure:15409: gcc -o conftest -shared -fPIC -Wl,-z,defs -m32 -pthread   conftest.c   >&5
configure:15409: $? = 0
configure:15416: result: yes
configure:15677: creating ./config.status

## ---------------------- ##
## Running config.status. ##
## ---------------------- ##

This file was extended by Google C++ Testing Framework config.status 1.4.0, which was
generated by GNU Autoconf 2.68.  Invocation command line was

  CONFIG_FILES    = 
  CONFIG_HEADERS  = 
  CONFIG_LINKS    = 
  CONFIG_COMMANDS = 
  $ ./config.status 

on ubuntu

config.status:1160: creating Makefile
config.status:1160: creating scripts/gtest-config
config.status:1160: creating build-aux/config.h
config.status:1389: executing depfiles commands
config.status:1389: executing libtool commands

## ---------------- ##
## Cache variables. ##
## ---------------- ##

ac_cv_build=i686-pc-linux-gnu
ac_cv_c_compiler_gnu=yes
ac_cv_cxx_compiler_gnu=yes
ac_cv_env_CCC_set=
ac_cv_env_CCC_value=
ac_cv_env_CC_set=
ac_cv_env_CC_value=
ac_cv_env_CFLAGS_set=set
ac_cv_env_CFLAGS_value=-m32
ac_cv_env_CPPFLAGS_set=set
ac_cv_env_CPPFLAGS_value=
ac_cv_env_CPP_set=
ac_cv_env_CPP_value=
ac_cv_env_CXXCPP_set=
ac_cv_env_CXXCPP_value=
ac_cv_env_CXXFLAGS_set=set
ac_cv_env_CXXFLAGS_value=-m32
ac_cv_env_CXX_set=
ac_cv_env_CXX_value=
ac_cv_env_LDFLAGS_set=
ac_cv_env_LDFLAGS_value=
ac_cv_env_LIBS_set=
ac_cv_env_LIBS_value=
ac_cv_env_build_alias_set=
ac_cv_env_build_alias_value=
ac_cv_env_host_alias_set=
ac_cv_env_host_alias_value=
ac_cv_env_target_alias_set=
ac_cv_env_target_alias_value=
ac_cv_header_dlfcn_h=yes
ac_cv_header_inttypes_h=yes
ac_cv_header_memory_h=yes
ac_cv_header_stdc=yes
ac_cv_header_stdint_h=yes
ac_cv_header_stdlib_h=yes
ac_cv_header_string_h=yes
ac_cv_header_strings_h=yes
ac_cv_header_sys_stat_h=yes
ac_cv_header_sys_types_h=yes
ac_cv_header_unistd_h=yes
ac_cv_host=i686-pc-linux-gnu
ac_cv_objext=o
ac_cv_path_EGREP='/bin/grep -E'
ac_cv_path_FGREP='/bin/grep -F'
ac_cv_path_GREP=/bin/grep
ac_cv_path_PYTHON=/usr/bin/python
ac_cv_path_SED=/bin/sed
ac_cv_path_install='/usr/bin/install -c'
ac_cv_path_mkdir=/bin/mkdir
ac_cv_prog_AWK=mawk
ac_cv_prog_CPP='gcc -E'
ac_cv_prog_CXXCPP='g++ -E'
ac_cv_prog_ac_ct_AR=ar
ac_cv_prog_ac_ct_CC=gcc
ac_cv_prog_ac_ct_CXX=g++
ac_cv_prog_ac_ct_MANIFEST_TOOL=mt
ac_cv_prog_ac_ct_OBJDUMP=objdump
ac_cv_prog_ac_ct_RANLIB=ranlib
ac_cv_prog_ac_ct_STRIP=strip
ac_cv_prog_cc_c89=
ac_cv_prog_cc_g=yes
ac_cv_prog_cxx_g=yes
ac_cv_prog_make_make_set=yes
am_cv_CC_dependencies_compiler_type=gcc3
am_cv_CXX_dependencies_compiler_type=gcc3
lt_cv_ar_at_file=@
lt_cv_archive_cmds_need_lc=no
lt_cv_deplibs_check_method=pass_all
lt_cv_file_magic_cmd='$MAGIC_CMD'
lt_cv_file_magic_test_file=
lt_cv_ld_reload_flag=-r
lt_cv_nm_interface='BSD nm'
lt_cv_objdir=.libs
lt_cv_path_LD=/usr/bin/ld
lt_cv_path_LDCXX=/usr/bin/ld
lt_cv_path_NM='/usr/bin/nm -B'
lt_cv_path_mainfest_tool=no
lt_cv_prog_compiler_c_o=yes
lt_cv_prog_compiler_c_o_CXX=yes
lt_cv_prog_compiler_pic='-fPIC -DPIC'
lt_cv_prog_compiler_pic_CXX='-fPIC -DPIC'
lt_cv_prog_compiler_pic_works=yes
lt_cv_prog_compiler_pic_works_CXX=yes
lt_cv_prog_compiler_rtti_exceptions=no
lt_cv_prog_compiler_static_works=yes
lt_cv_prog_compiler_static_works_CXX=yes
lt_cv_prog_gnu_ld=yes
lt_cv_prog_gnu_ldcxx=yes
lt_cv_sharedlib_from_linklib_cmd='printf %s\n'
lt_cv_shlibpath_overrides_runpath=no
lt_cv_sys_global_symbol_pipe='sed -n -e '\''s/^.*[	 ]\([ABCDGIRSTW][ABCDGIRSTW]*\)[	 ][	 ]*\([_A-Za-z][_A-Za-z0-9]*\)$/\1 \2 \2/p'\'' | sed '\''/ __gnu_lto/d'\'''
lt_cv_sys_global_symbol_to_c_name_address='sed -n -e '\''s/^: \([^ ]*\)[ ]*$/  {\"\1\", (void *) 0},/p'\'' -e '\''s/^[ABCDGIRSTW]* \([^ ]*\) \([^ ]*\)$/  {"\2", (void *) \&\2},/p'\'''
lt_cv_sys_global_symbol_to_c_name_address_lib_prefix='sed -n -e '\''s/^: \([^ ]*\)[ ]*$/  {\"\1\", (void *) 0},/p'\'' -e '\''s/^[ABCDGIRSTW]* \([^ ]*\) \(lib[^ ]*\)$/  {"\2", (void *) \&\2},/p'\'' -e '\''s/^[ABCDGIRSTW]* \([^ ]*\) \([^ ]*\)$/  {"lib\2", (void *) \&\2},/p'\'''
lt_cv_sys_global_symbol_to_cdecl='sed -n -e '\''s/^T .* \(.*\)$/extern int \1();/p'\'' -e '\''s/^[ABCDGIRSTW]* .* \(.*\)$/extern char \1;/p'\'''
lt_cv_sys_max_cmd_len=805306365
lt_cv_to_host_file_cmd=func_convert_file_noop
lt_cv_to_tool_file_cmd=func_convert_file_noop

## ----------------- ##
## Output variables. ##
## ----------------- ##

ACLOCAL='${SHELL} /home/bap/workspace/bap-0.7/libtracewrap/libtrace/protobuf/gtest/build-aux/missing --run aclocal-1.11'
AMDEPBACKSLASH='\'
AMDEP_FALSE='#'
AMDEP_TRUE=''
AMTAR='$${TAR-tar}'
AR='ar'
AUTOCONF='${SHELL} /home/bap/workspace/bap-0.7/libtracewrap/libtrace/protobuf/gtest/build-aux/missing --run autoconf'
AUTOHEADER='${SHELL} /home/bap/workspace/bap-0.7/libtracewrap/libtrace/protobuf/gtest/build-aux/missing --run autoheader'
AUTOMAKE='${SHELL} /home/bap/workspace/bap-0.7/libtracewrap/libtrace/protobuf/gtest/build-aux/missing --run automake-1.11'
AWK='mawk'
CC='gcc'
CCDEPMODE='depmode=gcc3'
CFLAGS='-m32'
CPP='gcc -E'
CPPFLAGS=''
CXX='g++'
CXXCPP='g++ -E'
CXXDEPMODE='depmode=gcc3'
CXXFLAGS='-m32'
CYGPATH_W='echo'
DEFS='-DHAVE_CONFIG_H'
DEPDIR='.deps'
DLLTOOL='false'
DSYMUTIL=''
DUMPBIN=''
ECHO_C=''
ECHO_N='-n'
ECHO_T=''
EGREP='/bin/grep -E'
EXEEXT=''
FGREP='/bin/grep -F'
GREP='/bin/grep'
HAVE_PYTHON_FALSE='#'
HAVE_PYTHON_TRUE=''
INSTALL_DATA='${INSTALL} -m 644'
INSTALL_PROGRAM='${INSTALL}'
INSTALL_SCRIPT='${INSTALL}'
INSTALL_STRIP_PROGRAM='$(install_sh) -c -s'
LD='/usr/bin/ld'
LDFLAGS=''
LIBOBJS=''
LIBS=''
LIBTOOL='$(SHELL) $(top_builddir)/libtool'
LIPO=''
LN_S='ln -s'
LTLIBOBJS=''
MAKEINFO='${SHELL} /home/bap/workspace/bap-0.7/libtracewrap/libtrace/protobuf/gtest/build-aux/missing --run makeinfo'
MANIFEST_TOOL=':'
MKDIR_P='/bin/mkdir -p'
NM='/usr/bin/nm -B'
NMEDIT=''
OBJDUMP='objdump'
OBJEXT='o'
OTOOL64=''
OTOOL=''
PACKAGE='gtest'
PACKAGE_BUGREPORT='googletestframework@googlegroups.com'
PACKAGE_NAME='Google C++ Testing Framework'
PACKAGE_STRING='Google C++ Testing Framework 1.4.0'
PACKAGE_TARNAME='gtest'
PACKAGE_URL=''
PACKAGE_VERSION='1.4.0'
PATH_SEPARATOR=':'
PTHREAD_CC='gcc'
PTHREAD_CFLAGS='-pthread'
PTHREAD_LIBS=''
PYTHON='/usr/bin/python'
RANLIB='ranlib'
SED='/bin/sed'
SET_MAKE=''
SHELL='/bin/bash'
STRIP='strip'
VERSION='1.4.0'
ac_ct_AR='ar'
ac_ct_CC='gcc'
ac_ct_CXX='g++'
ac_ct_DUMPBIN=''
acx_pthread_config=''
am__EXEEXT_FALSE=''
am__EXEEXT_TRUE='#'
am__fastdepCC_FALSE='#'
am__fastdepCC_TRUE=''
am__fastdepCXX_FALSE='#'
am__fastdepCXX_TRUE=''
am__include='include'
am__isrc=''
am__leading_dot='.'
am__nodep='_no'
am__quote=''
am__tar='$${TAR-tar} chof - "$$tardir"'
am__untar='$${TAR-tar} xf -'
bindir='${exec_prefix}/bin'
build='i686-pc-linux-gnu'
build_alias=''
build_cpu='i686'
build_os='linux-gnu'
build_vendor='pc'
datadir='${datarootdir}'
datarootdir='${prefix}/share'
docdir='${datarootdir}/doc/${PACKAGE_TARNAME}'
dvidir='${docdir}'
exec_prefix='${prefix}'
host='i686-pc-linux-gnu'
host_alias=''
host_cpu='i686'
host_os='linux-gnu'
host_vendor='pc'
htmldir='${docdir}'
includedir='${prefix}/include'
infodir='${datarootdir}/info'
install_sh='${SHELL} /home/bap/workspace/bap-0.7/libtracewrap/libtrace/protobuf/gtest/build-aux/install-sh'
libdir='${exec_prefix}/lib'
libexecdir='${exec_prefix}/libexec'
localedir='${datarootdir}/locale'
localstatedir='${prefix}/var'
mandir='${datarootdir}/man'
mkdir_p='/bin/mkdir -p'
oldincludedir='/usr/include'
pdfdir='${docdir}'
prefix='/usr/local'
program_transform_name='s,x,x,'
psdir='${docdir}'
sbindir='${exec_prefix}/sbin'
sharedstatedir='${prefix}/com'
sysconfdir='${prefix}/etc'
target_alias=''

## ----------- ##
## confdefs.h. ##
## ----------- ##

/* confdefs.h */
#define PACKAGE_NAME "Google C++ Testing Framework"
#define PACKAGE_TARNAME "gtest"
#define PACKAGE_VERSION "1.4.0"
#define PACKAGE_STRING "Google C++ Testing Framework 1.4.0"
#define PACKAGE_BUGREPORT "googletestframework@googlegroups.com"
#define PACKAGE_URL ""
#define PACKAGE "gtest"
#define VERSION "1.4.0"
#define STDC_HEADERS 1
#define HAVE_SYS_TYPES_H 1
#define HAVE_SYS_STAT_H 1
#define HAVE_STDLIB_H 1
#define HAVE_STRING_H 1
#define HAVE_MEMORY_H 1
#define HAVE_STRINGS_H 1
#define HAVE_INTTYPES_H 1
#define HAVE_STDINT_H 1
#define HAVE_UNISTD_H 1
#define HAVE_DLFCN_H 1
#define LT_OBJDIR ".libs/"
#define HAVE_PTHREAD 1

configure: exit 0
